[01:43:40] [ITEM_LISTED]: huynhbkz đã niêm yết 10x Brown Glazed Terracotta với giá $10.00 vào Sponge
[01:43:47] [ITEM_LISTED]: huynhbkz đã niêm yết 10x Brown Glazed Terracotta với giá $10.00 vào Sponge
[01:43:59] [ITEM_CANCELLED]: huynhbkz đã hủy phiên đấu giá cho 10x Brown Glazed Terracotta với giá $10.00 vào Sponge
[01:44:00] [ITEM_CANCELLED]: huynhbkz đã hủy phiên đấu giá cho 10x Brown Glazed Terracotta với giá $10.00 vào Sponge
[05:29:19] [ITEM_LISTED]: _Loxuiz đã niêm yết 49x Golden Apple với giá $1,000,000.00 vào Sponge
[05:31:14] [ITEM_LISTED]: Giabeo123daynek đã niêm yết 18x Beacon với giá $20.00 vào Sponge
[05:32:23] [ITEM_SOLD]: Giabeo123daynek đã bán 18x Beacon cho huynhbkz với giá $20.00 vào Sponge
[05:51:17] [ITEM_LISTED]: huynhbkz2 đã niêm yết 5x Nether Star với giá $10.00 vào Sponge
[05:51:20] [ITEM_LISTED]: huynhbkz2 đã niêm yết 1x ▸ Tentacles BLOCK ◂ [Aqua Affinity] với giá $10.00 vào Sponge
[05:51:43] [ITEM_SOLD]: huynhbkz2 đã bán 5x Nether Star cho huynhbkz với giá $10.00 vào Sponge
[05:51:44] [ITEM_SOLD]: huynhbkz2 đã bán 1x ▸ Tentacles BLOCK ◂ cho  [Aqua Affinity]huynhbkz với giá $10.00 vào Sponge
[05:53:23] [ITEM_LISTED]: huynhbkz1 đã niêm yết 1x ▸ SpongeBob BLOCK ◂ [Aqua Affinity] với giá $10.00 vào Sponge
[05:53:24] [ITEM_LISTED]: huynhbkz1 đã niêm yết 5x Nether Star với giá $10.00 vào Sponge
[05:53:25] [ITEM_LISTED]: huynhbkz1 đã niêm yết 1x Golden Apple với giá $10.00 vào Sponge
[05:53:55] [ITEM_SOLD]: huynhbkz1 đã bán 5x Nether Star cho huynhbkz với giá $10.00 vào Sponge
[05:53:56] [ITEM_SOLD]: huynhbkz1 đã bán 1x ▸ SpongeBob BLOCK ◂ cho  [Aqua Affinity]huynhbkz với giá $10.00 vào Sponge
[05:53:58] [ITEM_SOLD]: huynhbkz1 đã bán 1x Golden Apple cho huynhbkz với giá $10.00 vào Sponge
[05:57:00] [ITEM_LISTED]: huynhbkz3 đã niêm yết 1x AFK Key [Unbreaking I] với giá $10.00 vào Sponge
[05:57:01] [ITEM_LISTED]: huynhbkz3 đã niêm yết 5x Nether Star với giá $10.00 vào Sponge
[05:57:01] [ITEM_LISTED]: huynhbkz3 đã niêm yết 1x VIP CRATE [Aqua Affinity] với giá $10.00 vào Sponge
[05:57:44] [ITEM_SOLD]: huynhbkz3 đã bán 1x AFK Key cho  [Unbreaking I]huynhbkz với giá $10.00 vào Sponge
[05:57:45] [ITEM_SOLD]: huynhbkz3 đã bán 1x VIP CRATE cho  [Aqua Affinity]huynhbkz với giá $10.00 vào Sponge
[05:57:47] [ITEM_SOLD]: huynhbkz3 đã bán 5x Nether Star cho huynhbkz với giá $10.00 vào Sponge
[05:59:30] [ITEM_LISTED]: dung0000 đã niêm yết 1x AFK Key [Unbreaking I] với giá $10.00 vào Sponge
[05:59:31] [ITEM_LISTED]: dung0000 đã niêm yết 1x VIP CRATE [Aqua Affinity] với giá $10.00 vào Sponge
[05:59:32] [ITEM_LISTED]: dung0000 đã niêm yết 5x Nether Star với giá $10.00 vào Sponge
[05:59:53] [ITEM_SOLD]: dung0000 đã bán 1x AFK Key cho  [Unbreaking I]huynhbkz với giá $10.00 vào Sponge
[05:59:55] [ITEM_SOLD]: dung0000 đã bán 5x Nether Star cho huynhbkz với giá $10.00 vào Sponge
[05:59:57] [ITEM_SOLD]: dung0000 đã bán 1x VIP CRATE cho  [Aqua Affinity]huynhbkz với giá $10.00 vào Sponge
[06:03:24] [ITEM_LISTED]: binnnnnnn đã niêm yết 1x AFK Key [Unbreaking I] với giá $10.00 vào Sponge
[06:03:25] [ITEM_LISTED]: binnnnnnn đã niêm yết 1x VIP CRATE [Aqua Affinity] với giá $10.00 vào Sponge
[06:03:55] [ITEM_SOLD]: binnnnnnn đã bán 1x AFK Key cho  [Unbreaking I]huynhbkz với giá $10.00 vào Sponge
[06:03:56] [ITEM_SOLD]: binnnnnnn đã bán 1x VIP CRATE cho  [Aqua Affinity]huynhbkz với giá $10.00 vào Sponge
[06:07:18] [ITEM_LISTED]: huguyt đã niêm yết 1x AFK Key [Unbreaking I] với giá $10.00 vào Sponge
[06:07:19] [ITEM_LISTED]: huguyt đã niêm yết 1x VIP CRATE [Aqua Affinity] với giá $10.00 vào Sponge
[06:07:20] [ITEM_LISTED]: huguyt đã niêm yết 5x Nether Star với giá $10.00 vào Sponge
[06:10:04] [ITEM_SOLD]: huguyt đã bán 1x AFK Key cho  [Unbreaking I]huynhbkz với giá $10.00 vào Sponge
[06:10:05] [ITEM_SOLD]: huguyt đã bán 1x VIP CRATE cho  [Aqua Affinity]huynhbkz với giá $10.00 vào Sponge
[06:10:07] [ITEM_SOLD]: huguyt đã bán 5x Nether Star cho huynhbkz với giá $10.00 vào Sponge
[06:21:50] [ITEM_SOLD]: _Loxuiz đã bán 49x Golden Apple cho huynhbkz với giá $1,000,000.00 vào Sponge
[13:11:21] [ITEM_LISTED]: huynhbkz đã niêm yết 2x VIP CRATE [Aqua Affinity] với giá $100,000.00 vào Sponge
[13:11:24] [ITEM_LISTED]: huynhbkz đã niêm yết 2x AFK Key [Unbreaking I] với giá $100,000.00 vào Sponge
[13:11:32] [ITEM_RETURNED]: Trả lại 2x VIP CRATE [Aqua Affinity] cho huynhbkz vào Sponge
[13:11:32] [ITEM_CANCELLED]: huynhbkz đã hủy phiên đấu giá cho 2x VIP CRATE [Aqua Affinity] với giá $100,000.00 vào Sponge
[13:11:33] [ITEM_CANCELLED]: huynhbkz đã hủy phiên đấu giá cho 2x AFK Key [Unbreaking I] với giá $100,000.00 vào Sponge
[13:11:33] [ITEM_RETURNED]: Trả lại 2x AFK Key [Unbreaking I] cho huynhbkz vào Sponge
[13:11:38] [ITEM_LISTED]: huynhbkz đã niêm yết 2x AFK Key [Unbreaking I] với giá $200,000.00 vào Sponge
[13:11:41] [ITEM_LISTED]: huynhbkz đã niêm yết 2x VIP CRATE [Aqua Affinity] với giá $100,000.00 vào Sponge
[13:12:05] [ITEM_CANCELLED]: huynhbkz đã hủy phiên đấu giá cho 2x VIP CRATE [Aqua Affinity] với giá $100,000.00 vào Sponge
[13:12:05] [ITEM_RETURNED]: Trả lại 2x VIP CRATE [Aqua Affinity] cho huynhbkz vào Sponge
[13:12:06] [ITEM_RETURNED]: Trả lại 2x AFK Key [Unbreaking I] cho huynhbkz vào Sponge
[13:12:06] [ITEM_CANCELLED]: huynhbkz đã hủy phiên đấu giá cho 2x AFK Key [Unbreaking I] với giá $200,000.00 vào Sponge
[13:12:20] [ITEM_LISTED]: huynhbkz đã niêm yết 2x VIP CRATE [Aqua Affinity] với giá $700,000.00 vào Sponge
[13:12:26] [ITEM_LISTED]: huynhbkz đã niêm yết 2x AFK Key [Unbreaking I] với giá $500,000.00 vào Sponge
